
AVRASM ver. 2.1.30  C:\Users\ameri\Documentos\ESCOM\7semestre\Microcontroladores\09_Proyecto01\P09_Programa_Receptor\List\P09_Receptor.asm Sat Dec 05 16:29:08 2020

C:\Users\ameri\Documentos\ESCOM\7semestre\Microcontroladores\09_Proyecto01\P09_Programa_Receptor\List\P09_Receptor.asm(1070): warning: Register r4 already defined by the .DEF directive
C:\Users\ameri\Documentos\ESCOM\7semestre\Microcontroladores\09_Proyecto01\P09_Programa_Receptor\List\P09_Receptor.asm(1071): warning: Register r6 already defined by the .DEF directive
C:\Users\ameri\Documentos\ESCOM\7semestre\Microcontroladores\09_Proyecto01\P09_Programa_Receptor\List\P09_Receptor.asm(1072): warning: Register r8 already defined by the .DEF directive
                 
                 
                 ;CodeVisionAVR C Compiler V2.60 Evaluation
                 ;(C) Copyright 1998-2012 Pavel Haiduc, HP InfoTech s.r.l.
                 ;http://www.hpinfotech.com
                 
                 ;Chip type              : ATmega8535
                 ;Program type           : Application
                 ;Clock frequency        : 1.000000 MHz
                 ;Memory model           : Small
                 ;Optimize for           : Size
                 ;(s)printf features     : int, width
                 ;(s)scanf features      : int, width
                 ;External RAM size      : 0
                 ;Data Stack size        : 128 byte(s)
                 ;Heap size              : 0 byte(s)
                 ;Promote 'char' to 'int': Yes
                 ;'char' is unsigned     : Yes
                 ;8 bit enums            : Yes
                 ;Global 'const' stored in FLASH: No
                 ;Enhanced function parameter passing: Yes
                 ;Enhanced core instructions: On
                 ;Automatic register allocation for global variables: On
                 ;Smart register allocation: On
                 
                 	#pragma AVRPART ADMIN PART_NAME ATmega8535
                 	#pragma AVRPART MEMORY PROG_FLASH 8192
                 	#pragma AVRPART MEMORY EEPROM 512
                 	#pragma AVRPART MEMORY INT_SRAM SIZE 512
                 	#pragma AVRPART MEMORY INT_SRAM START_ADDR 0x60
                 
                 	.LISTMAC
                 	.EQU UDRE=0x5
                 	.EQU RXC=0x7
                 	.EQU USR=0xB
                 	.EQU UDR=0xC
                 	.EQU SPSR=0xE
                 	.EQU SPDR=0xF
                 	.EQU EERE=0x0
                 	.EQU EEWE=0x1
                 	.EQU EEMWE=0x2
                 	.EQU EECR=0x1C
                 	.EQU EEDR=0x1D
                 	.EQU EEARL=0x1E
                 	.EQU EEARH=0x1F
                 	.EQU WDTCR=0x21
                 	.EQU MCUCR=0x35
                 	.EQU GICR=0x3B
                 	.EQU SPL=0x3D
                 	.EQU SPH=0x3E
                 	.EQU SREG=0x3F
                 
                 	.DEF R0X0=R0
                 	.DEF R0X1=R1
                 	.DEF R0X2=R2
                 	.DEF R0X3=R3
                 	.DEF R0X4=R4
                 	.DEF R0X5=R5
                 	.DEF R0X6=R6
                 	.DEF R0X7=R7
                 	.DEF R0X8=R8
                 	.DEF R0X9=R9
                 	.DEF R0XA=R10
                 	.DEF R0XB=R11
                 	.DEF R0XC=R12
                 	.DEF R0XD=R13
                 	.DEF R0XE=R14
                 	.DEF R0XF=R15
                 	.DEF R0X10=R16
                 	.DEF R0X11=R17
                 	.DEF R0X12=R18
                 	.DEF R0X13=R19
                 	.DEF R0X14=R20
                 	.DEF R0X15=R21
                 	.DEF R0X16=R22
                 	.DEF R0X17=R23
                 	.DEF R0X18=R24
                 	.DEF R0X19=R25
                 	.DEF R0X1A=R26
                 	.DEF R0X1B=R27
                 	.DEF R0X1C=R28
                 	.DEF R0X1D=R29
                 	.DEF R0X1E=R30
                 	.DEF R0X1F=R31
                 
                 	.EQU __SRAM_START=0x0060
                 	.EQU __SRAM_END=0x025F
                 	.EQU __DSTACK_SIZE=0x0080
                 	.EQU __HEAP_SIZE=0x0000
                 	.EQU __CLEAR_SRAM_SIZE=__SRAM_END-__SRAM_START+1
                 
                 	.MACRO __CPD1N
                 	CPI  R30,LOW(@0)
                 	LDI  R26,HIGH(@0)
                 	CPC  R31,R26
                 	LDI  R26,BYTE3(@0)
                 	CPC  R22,R26
                 	LDI  R26,BYTE4(@0)
                 	CPC  R23,R26
                 	.ENDM
                 
                 	.MACRO __CPD2N
                 	CPI  R26,LOW(@0)
                 	LDI  R30,HIGH(@0)
                 	CPC  R27,R30
                 	LDI  R30,BYTE3(@0)
                 	CPC  R24,R30
                 	LDI  R30,BYTE4(@0)
                 	CPC  R25,R30
                 	.ENDM
                 
                 	.MACRO __CPWRR
                 	CP   R@0,R@2
                 	CPC  R@1,R@3
                 	.ENDM
                 
                 	.MACRO __CPWRN
                 	CPI  R@0,LOW(@2)
                 	LDI  R30,HIGH(@2)
                 	CPC  R@1,R30
                 	.ENDM
                 
                 	.MACRO __ADDB1MN
                 	SUBI R30,LOW(-@0-(@1))
                 	.ENDM
                 
                 	.MACRO __ADDB2MN
                 	SUBI R26,LOW(-@0-(@1))
                 	.ENDM
                 
                 	.MACRO __ADDW1MN
                 	SUBI R30,LOW(-@0-(@1))
                 	SBCI R31,HIGH(-@0-(@1))
                 	.ENDM
                 
                 	.MACRO __ADDW2MN
                 	SUBI R26,LOW(-@0-(@1))
                 	SBCI R27,HIGH(-@0-(@1))
                 	.ENDM
                 
                 	.MACRO __ADDW1FN
                 	SUBI R30,LOW(-2*@0-(@1))
                 	SBCI R31,HIGH(-2*@0-(@1))
                 	.ENDM
                 
                 	.MACRO __ADDD1FN
                 	SUBI R30,LOW(-2*@0-(@1))
                 	SBCI R31,HIGH(-2*@0-(@1))
                 	SBCI R22,BYTE3(-2*@0-(@1))
                 	.ENDM
                 
                 	.MACRO __ADDD1N
                 	SUBI R30,LOW(-@0)
                 	SBCI R31,HIGH(-@0)
                 	SBCI R22,BYTE3(-@0)
                 	SBCI R23,BYTE4(-@0)
                 	.ENDM
                 
                 	.MACRO __ADDD2N
                 	SUBI R26,LOW(-@0)
                 	SBCI R27,HIGH(-@0)
                 	SBCI R24,BYTE3(-@0)
                 	SBCI R25,BYTE4(-@0)
                 	.ENDM
                 
                 	.MACRO __SUBD1N
                 	SUBI R30,LOW(@0)
                 	SBCI R31,HIGH(@0)
                 	SBCI R22,BYTE3(@0)
                 	SBCI R23,BYTE4(@0)
                 	.ENDM
                 
                 	.MACRO __SUBD2N
                 	SUBI R26,LOW(@0)
                 	SBCI R27,HIGH(@0)
                 	SBCI R24,BYTE3(@0)
                 	SBCI R25,BYTE4(@0)
                 	.ENDM
                 
                 	.MACRO __ANDBMNN
                 	LDS  R30,@0+(@1)
                 	ANDI R30,LOW(@2)
                 	STS  @0+(@1),R30
                 	.ENDM
                 
                 	.MACRO __ANDWMNN
                 	LDS  R30,@0+(@1)
                 	ANDI R30,LOW(@2)
                 	STS  @0+(@1),R30
                 	LDS  R30,@0+(@1)+1
                 	ANDI R30,HIGH(@2)
                 	STS  @0+(@1)+1,R30
                 	.ENDM
                 
                 	.MACRO __ANDD1N
                 	ANDI R30,LOW(@0)
                 	ANDI R31,HIGH(@0)
                 	ANDI R22,BYTE3(@0)
                 	ANDI R23,BYTE4(@0)
                 	.ENDM
                 
                 	.MACRO __ANDD2N
                 	ANDI R26,LOW(@0)
                 	ANDI R27,HIGH(@0)
                 	ANDI R24,BYTE3(@0)
                 	ANDI R25,BYTE4(@0)
                 	.ENDM
                 
                 	.MACRO __ORBMNN
                 	LDS  R30,@0+(@1)
                 	ORI  R30,LOW(@2)
                 	STS  @0+(@1),R30
                 	.ENDM
                 
                 	.MACRO __ORWMNN
                 	LDS  R30,@0+(@1)
                 	ORI  R30,LOW(@2)
                 	STS  @0+(@1),R30
                 	LDS  R30,@0+(@1)+1
                 	ORI  R30,HIGH(@2)
                 	STS  @0+(@1)+1,R30
                 	.ENDM
                 
                 	.MACRO __ORD1N
                 	ORI  R30,LOW(@0)
                 	ORI  R31,HIGH(@0)
                 	ORI  R22,BYTE3(@0)
                 	ORI  R23,BYTE4(@0)
                 	.ENDM
                 
                 	.MACRO __ORD2N
                 	ORI  R26,LOW(@0)
                 	ORI  R27,HIGH(@0)
                 	ORI  R24,BYTE3(@0)
                 	ORI  R25,BYTE4(@0)
                 	.ENDM
                 
                 	.MACRO __DELAY_USB
                 	LDI  R24,LOW(@0)
                 __DELAY_USB_LOOP:
                 	DEC  R24
                 	BRNE __DELAY_USB_LOOP
                 	.ENDM
                 
                 	.MACRO __DELAY_USW
                 	LDI  R24,LOW(@0)
                 	LDI  R25,HIGH(@0)
                 __DELAY_USW_LOOP:
                 	SBIW R24,1
                 	BRNE __DELAY_USW_LOOP
                 	.ENDM
                 
                 	.MACRO __GETD1S
                 	LDD  R30,Y+@0
                 	LDD  R31,Y+@0+1
                 	LDD  R22,Y+@0+2
                 	LDD  R23,Y+@0+3
                 	.ENDM
                 
                 	.MACRO __GETD2S
                 	LDD  R26,Y+@0
                 	LDD  R27,Y+@0+1
                 	LDD  R24,Y+@0+2
                 	LDD  R25,Y+@0+3
                 	.ENDM
                 
                 	.MACRO __PUTD1S
                 	STD  Y+@0,R30
                 	STD  Y+@0+1,R31
                 	STD  Y+@0+2,R22
                 	STD  Y+@0+3,R23
                 	.ENDM
                 
                 	.MACRO __PUTD2S
                 	STD  Y+@0,R26
                 	STD  Y+@0+1,R27
                 	STD  Y+@0+2,R24
                 	STD  Y+@0+3,R25
                 	.ENDM
                 
                 	.MACRO __PUTDZ2
                 	STD  Z+@0,R26
                 	STD  Z+@0+1,R27
                 	STD  Z+@0+2,R24
                 	STD  Z+@0+3,R25
                 	.ENDM
                 
                 	.MACRO __CLRD1S
                 	STD  Y+@0,R30
                 	STD  Y+@0+1,R30
                 	STD  Y+@0+2,R30
                 	STD  Y+@0+3,R30
                 	.ENDM
                 
                 	.MACRO __POINTB1MN
                 	LDI  R30,LOW(@0+(@1))
                 	.ENDM
                 
                 	.MACRO __POINTW1MN
                 	LDI  R30,LOW(@0+(@1))
                 	LDI  R31,HIGH(@0+(@1))
                 	.ENDM
                 
                 	.MACRO __POINTD1M
                 	LDI  R30,LOW(@0)
                 	LDI  R31,HIGH(@0)
                 	LDI  R22,BYTE3(@0)
                 	LDI  R23,BYTE4(@0)
                 	.ENDM
                 
                 	.MACRO __POINTW1FN
                 	LDI  R30,LOW(2*@0+(@1))
                 	LDI  R31,HIGH(2*@0+(@1))
                 	.ENDM
                 
                 	.MACRO __POINTD1FN
                 	LDI  R30,LOW(2*@0+(@1))
                 	LDI  R31,HIGH(2*@0+(@1))
                 	LDI  R22,BYTE3(2*@0+(@1))
                 	LDI  R23,BYTE4(2*@0+(@1))
                 	.ENDM
                 
                 	.MACRO __POINTB2MN
                 	LDI  R26,LOW(@0+(@1))
                 	.ENDM
                 
                 	.MACRO __POINTW2MN
                 	LDI  R26,LOW(@0+(@1))
                 	LDI  R27,HIGH(@0+(@1))
                 	.ENDM
                 
                 	.MACRO __POINTW2FN
                 	LDI  R26,LOW(2*@0+(@1))
                 	LDI  R27,HIGH(2*@0+(@1))
                 	.ENDM
                 
                 	.MACRO __POINTD2FN
                 	LDI  R26,LOW(2*@0+(@1))
                 	LDI  R27,HIGH(2*@0+(@1))
                 	LDI  R24,BYTE3(2*@0+(@1))
                 	LDI  R25,BYTE4(2*@0+(@1))
                 	.ENDM
                 
                 	.MACRO __POINTBRM
                 	LDI  R@0,LOW(@1)
                 	.ENDM
                 
                 	.MACRO __POINTWRM
                 	LDI  R@0,LOW(@2)
                 	LDI  R@1,HIGH(@2)
                 	.ENDM
                 
                 	.MACRO __POINTBRMN
                 	LDI  R@0,LOW(@1+(@2))
                 	.ENDM
                 
                 	.MACRO __POINTWRMN
                 	LDI  R@0,LOW(@2+(@3))
                 	LDI  R@1,HIGH(@2+(@3))
                 	.ENDM
                 
                 	.MACRO __POINTWRFN
                 	LDI  R@0,LOW(@2*2+(@3))
                 	LDI  R@1,HIGH(@2*2+(@3))
                 	.ENDM
                 
                 	.MACRO __GETD1N
                 	LDI  R30,LOW(@0)
                 	LDI  R31,HIGH(@0)
                 	LDI  R22,BYTE3(@0)
                 	LDI  R23,BYTE4(@0)
                 	.ENDM
                 
                 	.MACRO __GETD2N
                 	LDI  R26,LOW(@0)
                 	LDI  R27,HIGH(@0)
                 	LDI  R24,BYTE3(@0)
                 	LDI  R25,BYTE4(@0)
                 	.ENDM
                 
                 	.MACRO __GETB1MN
                 	LDS  R30,@0+(@1)
                 	.ENDM
                 
                 	.MACRO __GETB1HMN
                 	LDS  R31,@0+(@1)
                 	.ENDM
                 
                 	.MACRO __GETW1MN
                 	LDS  R30,@0+(@1)
                 	LDS  R31,@0+(@1)+1
                 	.ENDM
                 
                 	.MACRO __GETD1MN
                 	LDS  R30,@0+(@1)
                 	LDS  R31,@0+(@1)+1
                 	LDS  R22,@0+(@1)+2
                 	LDS  R23,@0+(@1)+3
                 	.ENDM
                 
                 	.MACRO __GETBRMN
                 	LDS  R@0,@1+(@2)
                 	.ENDM
                 
                 	.MACRO __GETWRMN
                 	LDS  R@0,@2+(@3)
                 	LDS  R@1,@2+(@3)+1
                 	.ENDM
                 
                 	.MACRO __GETWRZ
                 	LDD  R@0,Z+@2
                 	LDD  R@1,Z+@2+1
                 	.ENDM
                 
                 	.MACRO __GETD2Z
                 	LDD  R26,Z+@0
                 	LDD  R27,Z+@0+1
                 	LDD  R24,Z+@0+2
                 	LDD  R25,Z+@0+3
                 	.ENDM
                 
                 	.MACRO __GETB2MN
                 	LDS  R26,@0+(@1)
                 	.ENDM
                 
                 	.MACRO __GETW2MN
                 	LDS  R26,@0+(@1)
                 	LDS  R27,@0+(@1)+1
                 	.ENDM
                 
                 	.MACRO __GETD2MN
                 	LDS  R26,@0+(@1)
                 	LDS  R27,@0+(@1)+1
                 	LDS  R24,@0+(@1)+2
                 	LDS  R25,@0+(@1)+3
                 	.ENDM
                 
                 	.MACRO __PUTB1MN
                 	STS  @0+(@1),R30
                 	.ENDM
                 
                 	.MACRO __PUTW1MN
                 	STS  @0+(@1),R30
                 	STS  @0+(@1)+1,R31
                 	.ENDM
                 
                 	.MACRO __PUTD1MN
                 	STS  @0+(@1),R30
                 	STS  @0+(@1)+1,R31
                 	STS  @0+(@1)+2,R22
                 	STS  @0+(@1)+3,R23
                 	.ENDM
                 
                 	.MACRO __PUTB1EN
                 	LDI  R26,LOW(@0+(@1))
                 	LDI  R27,HIGH(@0+(@1))
                 	RCALL __EEPROMWRB
                 	.ENDM
                 
                 	.MACRO __PUTW1EN
                 	LDI  R26,LOW(@0+(@1))
                 	LDI  R27,HIGH(@0+(@1))
                 	RCALL __EEPROMWRW
                 	.ENDM
                 
                 	.MACRO __PUTD1EN
                 	LDI  R26,LOW(@0+(@1))
                 	LDI  R27,HIGH(@0+(@1))
                 	RCALL __EEPROMWRD
                 	.ENDM
                 
                 	.MACRO __PUTBR0MN
                 	STS  @0+(@1),R0
                 	.ENDM
                 
                 	.MACRO __PUTBMRN
                 	STS  @0+(@1),R@2
                 	.ENDM
                 
                 	.MACRO __PUTWMRN
                 	STS  @0+(@1),R@2
                 	STS  @0+(@1)+1,R@3
                 	.ENDM
                 
                 	.MACRO __PUTBZR
                 	STD  Z+@1,R@0
                 	.ENDM
                 
                 	.MACRO __PUTWZR
                 	STD  Z+@2,R@0
                 	STD  Z+@2+1,R@1
                 	.ENDM
                 
                 	.MACRO __GETW1R
                 	MOV  R30,R@0
                 	MOV  R31,R@1
                 	.ENDM
                 
                 	.MACRO __GETW2R
                 	MOV  R26,R@0
                 	MOV  R27,R@1
                 	.ENDM
                 
                 	.MACRO __GETWRN
                 	LDI  R@0,LOW(@2)
                 	LDI  R@1,HIGH(@2)
                 	.ENDM
                 
                 	.MACRO __PUTW1R
                 	MOV  R@0,R30
                 	MOV  R@1,R31
                 	.ENDM
                 
                 	.MACRO __PUTW2R
                 	MOV  R@0,R26
                 	MOV  R@1,R27
                 	.ENDM
                 
                 	.MACRO __ADDWRN
                 	SUBI R@0,LOW(-@2)
                 	SBCI R@1,HIGH(-@2)
                 	.ENDM
                 
                 	.MACRO __ADDWRR
                 	ADD  R@0,R@2
                 	ADC  R@1,R@3
                 	.ENDM
                 
                 	.MACRO __SUBWRN
                 	SUBI R@0,LOW(@2)
                 	SBCI R@1,HIGH(@2)
                 	.ENDM
                 
                 	.MACRO __SUBWRR
                 	SUB  R@0,R@2
                 	SBC  R@1,R@3
                 	.ENDM
                 
                 	.MACRO __ANDWRN
                 	ANDI R@0,LOW(@2)
                 	ANDI R@1,HIGH(@2)
                 	.ENDM
                 
                 	.MACRO __ANDWRR
                 	AND  R@0,R@2
                 	AND  R@1,R@3
                 	.ENDM
                 
                 	.MACRO __ORWRN
                 	ORI  R@0,LOW(@2)
                 	ORI  R@1,HIGH(@2)
                 	.ENDM
                 
                 	.MACRO __ORWRR
                 	OR   R@0,R@2
                 	OR   R@1,R@3
                 	.ENDM
                 
                 	.MACRO __EORWRR
                 	EOR  R@0,R@2
                 	EOR  R@1,R@3
                 	.ENDM
                 
                 	.MACRO __GETWRS
                 	LDD  R@0,Y+@2
                 	LDD  R@1,Y+@2+1
                 	.ENDM
                 
                 	.MACRO __PUTBSR
                 	STD  Y+@1,R@0
                 	.ENDM
                 
                 	.MACRO __PUTWSR
                 	STD  Y+@2,R@0
                 	STD  Y+@2+1,R@1
                 	.ENDM
                 
                 	.MACRO __MOVEWRR
                 	MOV  R@0,R@2
                 	MOV  R@1,R@3
                 	.ENDM
                 
                 	.MACRO __INWR
                 	IN   R@0,@2
                 	IN   R@1,@2+1
                 	.ENDM
                 
                 	.MACRO __OUTWR
                 	OUT  @2+1,R@1
                 	OUT  @2,R@0
                 	.ENDM
                 
                 	.MACRO __CALL1MN
                 	LDS  R30,@0+(@1)
                 	LDS  R31,@0+(@1)+1
                 	ICALL
                 	.ENDM
                 
                 	.MACRO __CALL1FN
                 	LDI  R30,LOW(2*@0+(@1))
                 	LDI  R31,HIGH(2*@0+(@1))
                 	RCALL __GETW1PF
                 	ICALL
                 	.ENDM
                 
                 	.MACRO __CALL2EN
                 	LDI  R26,LOW(@0+(@1))
                 	LDI  R27,HIGH(@0+(@1))
                 	RCALL __EEPROMRDW
                 	ICALL
                 	.ENDM
                 
                 	.MACRO __GETW1STACK
                 	IN   R26,SPL
                 	IN   R27,SPH
                 	ADIW R26,@0+1
                 	LD   R30,X+
                 	LD   R31,X
                 	.ENDM
                 
                 	.MACRO __GETD1STACK
                 	IN   R26,SPL
                 	IN   R27,SPH
                 	ADIW R26,@0+1
                 	LD   R30,X+
                 	LD   R31,X+
                 	LD   R22,X
                 	.ENDM
                 
                 	.MACRO __NBST
                 	BST  R@0,@1
                 	IN   R30,SREG
                 	LDI  R31,0x40
                 	EOR  R30,R31
                 	OUT  SREG,R30
                 	.ENDM
                 
                 
                 	.MACRO __PUTB1SN
                 	LDD  R26,Y+@0
                 	LDD  R27,Y+@0+1
                 	SUBI R26,LOW(-@1)
                 	SBCI R27,HIGH(-@1)
                 	ST   X,R30
                 	.ENDM
                 
                 	.MACRO __PUTW1SN
                 	LDD  R26,Y+@0
                 	LDD  R27,Y+@0+1
                 	SUBI R26,LOW(-@1)
                 	SBCI R27,HIGH(-@1)
                 	ST   X+,R30
                 	ST   X,R31
                 	.ENDM
                 
                 	.MACRO __PUTD1SN
                 	LDD  R26,Y+@0
                 	LDD  R27,Y+@0+1
                 	SUBI R26,LOW(-@1)
                 	SBCI R27,HIGH(-@1)
                 	RCALL __PUTDP1
                 	.ENDM
                 
                 	.MACRO __PUTB1SNS
                 	LDD  R26,Y+@0
                 	LDD  R27,Y+@0+1
                 	ADIW R26,@1
                 	ST   X,R30
                 	.ENDM
                 
                 	.MACRO __PUTW1SNS
                 	LDD  R26,Y+@0
                 	LDD  R27,Y+@0+1
                 	ADIW R26,@1
                 	ST   X+,R30
                 	ST   X,R31
                 	.ENDM
                 
                 	.MACRO __PUTD1SNS
                 	LDD  R26,Y+@0
                 	LDD  R27,Y+@0+1
                 	ADIW R26,@1
                 	RCALL __PUTDP1
                 	.ENDM
                 
                 	.MACRO __PUTB1PMN
                 	LDS  R26,@0
                 	LDS  R27,@0+1
                 	SUBI R26,LOW(-@1)
                 	SBCI R27,HIGH(-@1)
                 	ST   X,R30
                 	.ENDM
                 
                 	.MACRO __PUTW1PMN
                 	LDS  R26,@0
                 	LDS  R27,@0+1
                 	SUBI R26,LOW(-@1)
                 	SBCI R27,HIGH(-@1)
                 	ST   X+,R30
                 	ST   X,R31
                 	.ENDM
                 
                 	.MACRO __PUTD1PMN
                 	LDS  R26,@0
                 	LDS  R27,@0+1
                 	SUBI R26,LOW(-@1)
                 	SBCI R27,HIGH(-@1)
                 	RCALL __PUTDP1
                 	.ENDM
                 
                 	.MACRO __PUTB1PMNS
                 	LDS  R26,@0
                 	LDS  R27,@0+1
                 	ADIW R26,@1
                 	ST   X,R30
                 	.ENDM
                 
                 	.MACRO __PUTW1PMNS
                 	LDS  R26,@0
                 	LDS  R27,@0+1
                 	ADIW R26,@1
                 	ST   X+,R30
                 	ST   X,R31
                 	.ENDM
                 
                 	.MACRO __PUTD1PMNS
                 	LDS  R26,@0
                 	LDS  R27,@0+1
                 	ADIW R26,@1
                 	RCALL __PUTDP1
                 	.ENDM
                 
                 	.MACRO __PUTB1RN
                 	MOVW R26,R@0
                 	SUBI R26,LOW(-@1)
                 	SBCI R27,HIGH(-@1)
                 	ST   X,R30
                 	.ENDM
                 
                 	.MACRO __PUTW1RN
                 	MOVW R26,R@0
                 	SUBI R26,LOW(-@1)
                 	SBCI R27,HIGH(-@1)
                 	ST   X+,R30
                 	ST   X,R31
                 	.ENDM
                 
                 	.MACRO __PUTD1RN
                 	MOVW R26,R@0
                 	SUBI R26,LOW(-@1)
                 	SBCI R27,HIGH(-@1)
                 	RCALL __PUTDP1
                 	.ENDM
                 
                 	.MACRO __PUTB1RNS
                 	MOVW R26,R@0
                 	ADIW R26,@1
                 	ST   X,R30
                 	.ENDM
                 
                 	.MACRO __PUTW1RNS
                 	MOVW R26,R@0
                 	ADIW R26,@1
                 	ST   X+,R30
                 	ST   X,R31
                 	.ENDM
                 
                 	.MACRO __PUTD1RNS
                 	MOVW R26,R@0
                 	ADIW R26,@1
                 	RCALL __PUTDP1
                 	.ENDM
                 
                 	.MACRO __PUTB1RON
                 	MOV  R26,R@0
                 	MOV  R27,R@1
                 	SUBI R26,LOW(-@2)
                 	SBCI R27,HIGH(-@2)
                 	ST   X,R30
                 	.ENDM
                 
                 	.MACRO __PUTW1RON
                 	MOV  R26,R@0
                 	MOV  R27,R@1
                 	SUBI R26,LOW(-@2)
                 	SBCI R27,HIGH(-@2)
                 	ST   X+,R30
                 	ST   X,R31
                 	.ENDM
                 
                 	.MACRO __PUTD1RON
                 	MOV  R26,R@0
                 	MOV  R27,R@1
                 	SUBI R26,LOW(-@2)
                 	SBCI R27,HIGH(-@2)
                 	RCALL __PUTDP1
                 	.ENDM
                 
                 	.MACRO __PUTB1RONS
                 	MOV  R26,R@0
                 	MOV  R27,R@1
                 	ADIW R26,@2
                 	ST   X,R30
                 	.ENDM
                 
                 	.MACRO __PUTW1RONS
                 	MOV  R26,R@0
                 	MOV  R27,R@1
                 	ADIW R26,@2
                 	ST   X+,R30
                 	ST   X,R31
                 	.ENDM
                 
                 	.MACRO __PUTD1RONS
                 	MOV  R26,R@0
                 	MOV  R27,R@1
                 	ADIW R26,@2
                 	RCALL __PUTDP1
                 	.ENDM
                 
                 
                 	.MACRO __GETB1SX
                 	MOVW R30,R28
                 	SUBI R30,LOW(-@0)
                 	SBCI R31,HIGH(-@0)
                 	LD   R30,Z
                 	.ENDM
                 
                 	.MACRO __GETB1HSX
                 	MOVW R30,R28
                 	SUBI R30,LOW(-@0)
                 	SBCI R31,HIGH(-@0)
                 	LD   R31,Z
                 	.ENDM
                 
                 	.MACRO __GETW1SX
                 	MOVW R30,R28
                 	SUBI R30,LOW(-@0)
                 	SBCI R31,HIGH(-@0)
                 	LD   R0,Z+
                 	LD   R31,Z
                 	MOV  R30,R0
                 	.ENDM
                 
                 	.MACRO __GETD1SX
                 	MOVW R30,R28
                 	SUBI R30,LOW(-@0)
                 	SBCI R31,HIGH(-@0)
                 	LD   R0,Z+
                 	LD   R1,Z+
                 	LD   R22,Z+
                 	LD   R23,Z
                 	MOVW R30,R0
                 	.ENDM
                 
                 	.MACRO __GETB2SX
                 	MOVW R26,R28
                 	SUBI R26,LOW(-@0)
                 	SBCI R27,HIGH(-@0)
                 	LD   R26,X
                 	.ENDM
                 
                 	.MACRO __GETW2SX
                 	MOVW R26,R28
                 	SUBI R26,LOW(-@0)
                 	SBCI R27,HIGH(-@0)
                 	LD   R0,X+
                 	LD   R27,X
                 	MOV  R26,R0
                 	.ENDM
                 
                 	.MACRO __GETD2SX
                 	MOVW R26,R28
                 	SUBI R26,LOW(-@0)
                 	SBCI R27,HIGH(-@0)
                 	LD   R0,X+
                 	LD   R1,X+
                 	LD   R24,X+
                 	LD   R25,X
                 	MOVW R26,R0
                 	.ENDM
                 
                 	.MACRO __GETBRSX
                 	MOVW R30,R28
                 	SUBI R30,LOW(-@1)
                 	SBCI R31,HIGH(-@1)
                 	LD   R@0,Z
                 	.ENDM
                 
                 	.MACRO __GETWRSX
                 	MOVW R30,R28
                 	SUBI R30,LOW(-@2)
                 	SBCI R31,HIGH(-@2)
                 	LD   R@0,Z+
                 	LD   R@1,Z
                 	.ENDM
                 
                 	.MACRO __GETBRSX2
                 	MOVW R26,R28
                 	SUBI R26,LOW(-@1)
                 	SBCI R27,HIGH(-@1)
                 	LD   R@0,X
                 	.ENDM
                 
                 	.MACRO __GETWRSX2
                 	MOVW R26,R28
                 	SUBI R26,LOW(-@2)
                 	SBCI R27,HIGH(-@2)
                 	LD   R@0,X+
                 	LD   R@1,X
                 	.ENDM
                 
                 	.MACRO __LSLW8SX
                 	MOVW R30,R28
                 	SUBI R30,LOW(-@0)
                 	SBCI R31,HIGH(-@0)
                 	LD   R31,Z
                 	CLR  R30
                 	.ENDM
                 
                 	.MACRO __PUTB1SX
                 	MOVW R26,R28
                 	SUBI R26,LOW(-@0)
                 	SBCI R27,HIGH(-@0)
                 	ST   X,R30
                 	.ENDM
                 
                 	.MACRO __PUTW1SX
                 	MOVW R26,R28
                 	SUBI R26,LOW(-@0)
                 	SBCI R27,HIGH(-@0)
                 	ST   X+,R30
                 	ST   X,R31
                 	.ENDM
                 
                 	.MACRO __PUTD1SX
                 	MOVW R26,R28
                 	SUBI R26,LOW(-@0)
                 	SBCI R27,HIGH(-@0)
                 	ST   X+,R30
                 	ST   X+,R31
                 	ST   X+,R22
                 	ST   X,R23
                 	.ENDM
                 
                 	.MACRO __CLRW1SX
                 	MOVW R26,R28
                 	SUBI R26,LOW(-@0)
                 	SBCI R27,HIGH(-@0)
                 	ST   X+,R30
                 	ST   X,R30
                 	.ENDM
                 
                 	.MACRO __CLRD1SX
                 	MOVW R26,R28
                 	SUBI R26,LOW(-@0)
                 	SBCI R27,HIGH(-@0)
                 	ST   X+,R30
                 	ST   X+,R30
                 	ST   X+,R30
                 	ST   X,R30
                 	.ENDM
                 
                 	.MACRO __PUTB2SX
                 	MOVW R30,R28
                 	SUBI R30,LOW(-@0)
                 	SBCI R31,HIGH(-@0)
                 	ST   Z,R26
                 	.ENDM
                 
                 	.MACRO __PUTW2SX
                 	MOVW R30,R28
                 	SUBI R30,LOW(-@0)
                 	SBCI R31,HIGH(-@0)
                 	ST   Z+,R26
                 	ST   Z,R27
                 	.ENDM
                 
                 	.MACRO __PUTD2SX
                 	MOVW R30,R28
                 	SUBI R30,LOW(-@0)
                 	SBCI R31,HIGH(-@0)
                 	ST   Z+,R26
                 	ST   Z+,R27
                 	ST   Z+,R24
                 	ST   Z,R25
                 	.ENDM
                 
                 	.MACRO __PUTBSRX
                 	MOVW R30,R28
                 	SUBI R30,LOW(-@1)
                 	SBCI R31,HIGH(-@1)
                 	ST   Z,R@0
                 	.ENDM
                 
                 	.MACRO __PUTWSRX
                 	MOVW R30,R28
                 	SUBI R30,LOW(-@2)
                 	SBCI R31,HIGH(-@2)
                 	ST   Z+,R@0
                 	ST   Z,R@1
                 	.ENDM
                 
                 	.MACRO __PUTB1SNX
                 	MOVW R26,R28
                 	SUBI R26,LOW(-@0)
                 	SBCI R27,HIGH(-@0)
                 	LD   R0,X+
                 	LD   R27,X
                 	MOV  R26,R0
                 	SUBI R26,LOW(-@1)
                 	SBCI R27,HIGH(-@1)
                 	ST   X,R30
                 	.ENDM
                 
                 	.MACRO __PUTW1SNX
                 	MOVW R26,R28
                 	SUBI R26,LOW(-@0)
                 	SBCI R27,HIGH(-@0)
                 	LD   R0,X+
                 	LD   R27,X
                 	MOV  R26,R0
                 	SUBI R26,LOW(-@1)
                 	SBCI R27,HIGH(-@1)
                 	ST   X+,R30
                 	ST   X,R31
                 	.ENDM
                 
                 	.MACRO __PUTD1SNX
                 	MOVW R26,R28
                 	SUBI R26,LOW(-@0)
                 	SBCI R27,HIGH(-@0)
                 	LD   R0,X+
                 	LD   R27,X
                 	MOV  R26,R0
                 	SUBI R26,LOW(-@1)
                 	SBCI R27,HIGH(-@1)
                 	ST   X+,R30
                 	ST   X+,R31
                 	ST   X+,R22
                 	ST   X,R23
                 	.ENDM
                 
                 	.MACRO __MULBRR
                 	MULS R@0,R@1
                 	MOVW R30,R0
                 	.ENDM
                 
                 	.MACRO __MULBRRU
                 	MUL  R@0,R@1
                 	MOVW R30,R0
                 	.ENDM
                 
                 	.MACRO __MULBRR0
                 	MULS R@0,R@1
                 	.ENDM
                 
                 	.MACRO __MULBRRU0
                 	MUL  R@0,R@1
                 	.ENDM
                 
                 	.MACRO __MULBNWRU
                 	LDI  R26,@2
                 	MUL  R26,R@0
                 	MOVW R30,R0
                 	MUL  R26,R@1
                 	ADD  R31,R0
                 	.ENDM
                 
                 ;NAME DEFINITIONS FOR GLOBAL VARIABLES ALLOCATED TO REGISTERS
                 	.DEF _var=R4
                 	.DEF _var2=R6
                 	.DEF _flag=R8
                 
                 	.CSEG
                 	.ORG 0x00
                 
                 ;START OF CODE MARKER
                 __START_OF_CODE:
                 
                 ;INTERRUPT VECTORS
000000 c01f      	RJMP __RESET
000001 cffe      	RJMP 0x00
000002 cffd      	RJMP 0x00
000003 cffc      	RJMP 0x00
000004 cffb      	RJMP 0x00
000005 cffa      	RJMP 0x00
000006 cff9      	RJMP 0x00
000007 cff8      	RJMP 0x00
000008 cff7      	RJMP 0x00
000009 cff6      	RJMP 0x00
00000a cff5      	RJMP 0x00
00000b cff4      	RJMP 0x00
00000c cff3      	RJMP 0x00
00000d cff2      	RJMP 0x00
00000e cff1      	RJMP 0x00
00000f cff0      	RJMP 0x00
000010 cfef      	RJMP 0x00
000011 cfee      	RJMP 0x00
000012 cfed      	RJMP 0x00
000013 cfec      	RJMP 0x00
000014 cfeb      	RJMP 0x00
                 
                 ;REGISTER BIT VARIABLES INITIALIZATION
                 __REG_BIT_VARS:
000015 0000      	.DW  0x0000
                 
                 ;GLOBAL REGISTER VARIABLES INITIALIZATION
                 __REG_VARS:
000016 0000
000017 0000      	.DB  0x0,0x0,0x0,0x0
000018 0000      	.DB  0x0,0x0
                 
                 
                 __GLOBAL_INI_TBL:
000019 0001      	.DW  0x01
00001a 0002      	.DW  0x02
00001b 002a      	.DW  __REG_BIT_VARS*2
                 
00001c 0006      	.DW  0x06
00001d 0004      	.DW  0x04
00001e 002c      	.DW  __REG_VARS*2
                 
                 _0xFFFFFFFF:
00001f 0000      	.DW  0
                 
                 __RESET:
000020 94f8      	CLI
000021 27ee      	CLR  R30
000022 bbec      	OUT  EECR,R30
                 
                 ;INTERRUPT VECTORS ARE PLACED
                 ;AT THE START OF FLASH
000023 e0f1      	LDI  R31,1
000024 bffb      	OUT  GICR,R31
000025 bfeb      	OUT  GICR,R30
000026 bfe5      	OUT  MCUCR,R30
                 
                 ;DISABLE WATCHDOG
000027 e1f8      	LDI  R31,0x18
000028 bdf1      	OUT  WDTCR,R31
000029 bde1      	OUT  WDTCR,R30
                 
                 ;CLEAR R2-R14
00002a e08d      	LDI  R24,(14-2)+1
00002b e0a2      	LDI  R26,2
00002c 27bb      	CLR  R27
                 __CLEAR_REG:
00002d 93ed      	ST   X+,R30
00002e 958a      	DEC  R24
00002f f7e9      	BRNE __CLEAR_REG
                 
                 ;CLEAR SRAM
000030 e080      	LDI  R24,LOW(__CLEAR_SRAM_SIZE)
000031 e092      	LDI  R25,HIGH(__CLEAR_SRAM_SIZE)
000032 e6a0      	LDI  R26,__SRAM_START
                 __CLEAR_SRAM:
000033 93ed      	ST   X+,R30
000034 9701      	SBIW R24,1
000035 f7e9      	BRNE __CLEAR_SRAM
                 
                 ;GLOBAL VARIABLES INITIALIZATION
000036 e3e2      	LDI  R30,LOW(__GLOBAL_INI_TBL*2)
000037 e0f0      	LDI  R31,HIGH(__GLOBAL_INI_TBL*2)
                 __GLOBAL_INI_NEXT:
000038 9185      	LPM  R24,Z+
000039 9195      	LPM  R25,Z+
00003a 9700      	SBIW R24,0
00003b f061      	BREQ __GLOBAL_INI_END
00003c 91a5      	LPM  R26,Z+
00003d 91b5      	LPM  R27,Z+
00003e 9005      	LPM  R0,Z+
00003f 9015      	LPM  R1,Z+
000040 01bf      	MOVW R22,R30
000041 01f0      	MOVW R30,R0
                 __GLOBAL_INI_LOOP:
000042 9005      	LPM  R0,Z+
000043 920d      	ST   X+,R0
000044 9701      	SBIW R24,1
000045 f7e1      	BRNE __GLOBAL_INI_LOOP
000046 01fb      	MOVW R30,R22
000047 cff0      	RJMP __GLOBAL_INI_NEXT
                 __GLOBAL_INI_END:
                 
                 ;HARDWARE STACK POINTER INITIALIZATION
000048 e5ef      	LDI  R30,LOW(__SRAM_END-__HEAP_SIZE)
000049 bfed      	OUT  SPL,R30
00004a e0e2      	LDI  R30,HIGH(__SRAM_END-__HEAP_SIZE)
00004b bfee      	OUT  SPH,R30
                 
                 ;DATA STACK POINTER INITIALIZATION
00004c eec0      	LDI  R28,LOW(__SRAM_START+__DSTACK_SIZE)
00004d e0d0      	LDI  R29,HIGH(__SRAM_START+__DSTACK_SIZE)
                 
00004e c000      	RJMP _main
                 
                 	.ESEG
                 	.ORG 0
                 
                 	.DSEG
                 	.ORG 0xE0
                 
                 	.CSEG
                 ;/*******************************************************
                 ;This program was created by the
                 ;CodeWizardAVR V2.60 Evaluation
                 ;Automatic Program Generator
                 ;© Copyright 1998-2012 Pavel Haiduc, HP InfoTech s.r.l.
                 ;http://www.hpinfotech.com
                 ;
                 ;Project :
                 ;Version :
                 ;Date    : 05/12/2020
                 ;Author  :
                 ;Company :
                 ;Comments:
                 ;
                 ;
                 ;Chip type               : ATmega8535
                 ;Program type            : Application
                 ;AVR Core Clock frequency: 1.000000 MHz
                 ;Memory model            : Small
                 ;External RAM size       : 0
                 ;Data Stack size         : 128
                 ;*******************************************************/
                 ;
                 ;#include <mega8535.h>
                 	#ifndef __SLEEP_DEFINED__
                 	#define __SLEEP_DEFINED__
                 	.EQU __se_bit=0x40
                 	.EQU __sm_mask=0xB0
                 	.EQU __sm_powerdown=0x20
                 	.EQU __sm_powersave=0x30
                 	.EQU __sm_standby=0xA0
                 	.EQU __sm_ext_standby=0xB0
                 	.EQU __sm_adc_noise_red=0x10
                 	.SET power_ctrl_reg=mcucr
                 	#endif
                 ;#include <delay.h>
                 ;#define boton PINB.0
                 ;bit botonp;
                 ;bit botona;
                 ;unsigned long int i=0;
                 ;int var =0;
                 ;int var2=0;
                 ;int flag =0;
                 ;void main(void)
                 ; 0000 0022 {
                 
                 	.CSEG
                 _main:
                 ; .FSTART _main
                 ; 0000 0023 // Declare your local variables here
                 ; 0000 0024 
                 ; 0000 0025 // Input/Output Ports initialization
                 ; 0000 0026 // Port A initialization
                 ; 0000 0027 // Function: Bit7=Out Bit6=Out Bit5=Out Bit4=Out Bit3=Out Bit2=Out Bit1=Out Bit0=Out
                 ; 0000 0028 DDRA=(1<<DDA7) | (1<<DDA6) | (1<<DDA5) | (1<<DDA4) | (1<<DDA3) | (1<<DDA2) | (1<<DDA1) | (1<<DDA0);
00004f efef      	LDI  R30,LOW(255)
000050 bbea      	OUT  0x1A,R30
                 ; 0000 0029 // State: Bit7=0 Bit6=0 Bit5=0 Bit4=0 Bit3=0 Bit2=0 Bit1=0 Bit0=0
                 ; 0000 002A PORTA=(0<<PORTA7) | (0<<PORTA6) | (0<<PORTA5) | (0<<PORTA4) | (0<<PORTA3) | (0<<PORTA2) | (0<<PORTA1) | (0<<PORTA0);
000051 e0e0      	LDI  R30,LOW(0)
000052 bbeb      	OUT  0x1B,R30
                 ; 0000 002B 
                 ; 0000 002C // Port B initialization
                 ; 0000 002D // Function: Bit7=In Bit6=In Bit5=In Bit4=In Bit3=In Bit2=In Bit1=In Bit0=In
                 ; 0000 002E DDRB=(0<<DDB7) | (0<<DDB6) | (0<<DDB5) | (0<<DDB4) | (0<<DDB3) | (0<<DDB2) | (0<<DDB1) | (0<<DDB0);
000053 bbe7      	OUT  0x17,R30
                 ; 0000 002F // State: Bit7=P Bit6=P Bit5=P Bit4=P Bit3=P Bit2=P Bit1=P Bit0=P
                 ; 0000 0030 PORTB=(1<<PORTB7) | (1<<PORTB6) | (1<<PORTB5) | (1<<PORTB4) | (1<<PORTB3) | (1<<PORTB2) | (1<<PORTB1) | (1<<PORTB0);
000054 efef      	LDI  R30,LOW(255)
000055 bbe8      	OUT  0x18,R30
                 ; 0000 0031 
                 ; 0000 0032 // Port C initialization
                 ; 0000 0033 // Function: Bit7=In Bit6=In Bit5=In Bit4=In Bit3=In Bit2=In Bit1=In Bit0=In
                 ; 0000 0034 DDRC=(0<<DDC7) | (0<<DDC6) | (0<<DDC5) | (0<<DDC4) | (0<<DDC3) | (0<<DDC2) | (0<<DDC1) | (0<<DDC0);
000056 e0e0      	LDI  R30,LOW(0)
000057 bbe4      	OUT  0x14,R30
                 ; 0000 0035 // State: Bit7=T Bit6=T Bit5=T Bit4=T Bit3=T Bit2=T Bit1=T Bit0=T
                 ; 0000 0036 PORTC=(0<<PORTC7) | (0<<PORTC6) | (0<<PORTC5) | (0<<PORTC4) | (0<<PORTC3) | (0<<PORTC2) | (0<<PORTC1) | (0<<PORTC0);
000058 bbe5      	OUT  0x15,R30
                 ; 0000 0037 
                 ; 0000 0038 // Port D initialization
                 ; 0000 0039 // Function: Bit7=In Bit6=In Bit5=In Bit4=In Bit3=In Bit2=In Bit1=In Bit0=In
                 ; 0000 003A DDRD=(0<<DDD7) | (0<<DDD6) | (0<<DDD5) | (0<<DDD4) | (0<<DDD3) | (0<<DDD2) | (0<<DDD1) | (0<<DDD0);
000059 bbe1      	OUT  0x11,R30
                 ; 0000 003B // State: Bit7=T Bit6=T Bit5=T Bit4=T Bit3=T Bit2=T Bit1=T Bit0=T
                 ; 0000 003C PORTD=(0<<PORTD7) | (0<<PORTD6) | (0<<PORTD5) | (0<<PORTD4) | (0<<PORTD3) | (0<<PORTD2) | (0<<PORTD1) | (0<<PORTD0);
00005a bbe2      	OUT  0x12,R30
                 ; 0000 003D 
                 ; 0000 003E // Timer/Counter 0 initialization
                 ; 0000 003F // Clock source: System Clock
                 ; 0000 0040 // Clock value: Timer 0 Stopped
                 ; 0000 0041 // Mode: Normal top=0xFF
                 ; 0000 0042 // OC0 output: Disconnected
                 ; 0000 0043 TCCR0=(0<<WGM00) | (0<<COM01) | (0<<COM00) | (0<<WGM01) | (0<<CS02) | (0<<CS01) | (0<<CS00);
00005b bfe3      	OUT  0x33,R30
                 ; 0000 0044 TCNT0=0x00;
00005c bfe2      	OUT  0x32,R30
                 ; 0000 0045 OCR0=0x00;
00005d bfec      	OUT  0x3C,R30
                 ; 0000 0046 
                 ; 0000 0047 // Timer/Counter 1 initialization
                 ; 0000 0048 // Clock source: System Clock
                 ; 0000 0049 // Clock value: Timer1 Stopped
                 ; 0000 004A // Mode: Normal top=0xFFFF
                 ; 0000 004B // OC1A output: Disconnected
                 ; 0000 004C // OC1B output: Disconnected
                 ; 0000 004D // Noise Canceler: Off
                 ; 0000 004E // Input Capture on Falling Edge
                 ; 0000 004F // Timer1 Overflow Interrupt: Off
                 ; 0000 0050 // Input Capture Interrupt: Off
                 ; 0000 0051 // Compare A Match Interrupt: Off
                 ; 0000 0052 // Compare B Match Interrupt: Off
                 ; 0000 0053 TCCR1A=(0<<COM1A1) | (0<<COM1A0) | (0<<COM1B1) | (0<<COM1B0) | (0<<WGM11) | (0<<WGM10);
00005e bdef      	OUT  0x2F,R30
                 ; 0000 0054 TCCR1B=(0<<ICNC1) | (0<<ICES1) | (0<<WGM13) | (0<<WGM12) | (0<<CS12) | (0<<CS11) | (0<<CS10);
00005f bdee      	OUT  0x2E,R30
                 ; 0000 0055 TCNT1H=0x00;
000060 bded      	OUT  0x2D,R30
                 ; 0000 0056 TCNT1L=0x00;
000061 bdec      	OUT  0x2C,R30
                 ; 0000 0057 ICR1H=0x00;
000062 bde7      	OUT  0x27,R30
                 ; 0000 0058 ICR1L=0x00;
000063 bde6      	OUT  0x26,R30
                 ; 0000 0059 OCR1AH=0x00;
000064 bdeb      	OUT  0x2B,R30
                 ; 0000 005A OCR1AL=0x00;
000065 bdea      	OUT  0x2A,R30
                 ; 0000 005B OCR1BH=0x00;
000066 bde9      	OUT  0x29,R30
                 ; 0000 005C OCR1BL=0x00;
000067 bde8      	OUT  0x28,R30
                 ; 0000 005D 
                 ; 0000 005E // Timer/Counter 2 initialization
                 ; 0000 005F // Clock source: System Clock
                 ; 0000 0060 // Clock value: Timer2 Stopped
                 ; 0000 0061 // Mode: Normal top=0xFF
                 ; 0000 0062 // OC2 output: Disconnected
                 ; 0000 0063 ASSR=0<<AS2;
000068 bde2      	OUT  0x22,R30
                 ; 0000 0064 TCCR2=(0<<WGM20) | (0<<COM21) | (0<<COM20) | (0<<WGM21) | (0<<CS22) | (0<<CS21) | (0<<CS20);
000069 bde5      	OUT  0x25,R30
                 ; 0000 0065 TCNT2=0x00;
00006a bde4      	OUT  0x24,R30
                 ; 0000 0066 OCR2=0x00;
00006b bde3      	OUT  0x23,R30
                 ; 0000 0067 
                 ; 0000 0068 // Timer(s)/Counter(s) Interrupt(s) initialization
                 ; 0000 0069 TIMSK=(0<<OCIE2) | (0<<TOIE2) | (0<<TICIE1) | (0<<OCIE1A) | (0<<OCIE1B) | (0<<TOIE1) | (0<<OCIE0) | (0<<TOIE0);
00006c bfe9      	OUT  0x39,R30
                 ; 0000 006A 
                 ; 0000 006B // External Interrupt(s) initialization
                 ; 0000 006C // INT0: Off
                 ; 0000 006D // INT1: Off
                 ; 0000 006E // INT2: Off
                 ; 0000 006F MCUCR=(0<<ISC11) | (0<<ISC10) | (0<<ISC01) | (0<<ISC00);
00006d bfe5      	OUT  0x35,R30
                 ; 0000 0070 MCUCSR=(0<<ISC2);
00006e bfe4      	OUT  0x34,R30
                 ; 0000 0071 
                 ; 0000 0072 // USART initialization
                 ; 0000 0073 // USART disabled
                 ; 0000 0074 UCSRB=(0<<RXCIE) | (0<<TXCIE) | (0<<UDRIE) | (0<<RXEN) | (0<<TXEN) | (0<<UCSZ2) | (0<<RXB8) | (0<<TXB8);
00006f b9ea      	OUT  0xA,R30
                 ; 0000 0075 
                 ; 0000 0076 // Analog Comparator initialization
                 ; 0000 0077 // Analog Comparator: Off
                 ; 0000 0078 ACSR=(1<<ACD) | (0<<ACBG) | (0<<ACO) | (0<<ACI) | (0<<ACIE) | (0<<ACIC) | (0<<ACIS1) | (0<<ACIS0);
000070 e8e0      	LDI  R30,LOW(128)
000071 b9e8      	OUT  0x8,R30
                 ; 0000 0079 SFIOR=(0<<ACME);
000072 e0e0      	LDI  R30,LOW(0)
000073 bfe0      	OUT  0x30,R30
                 ; 0000 007A 
                 ; 0000 007B // ADC initialization
                 ; 0000 007C // ADC disabled
                 ; 0000 007D ADCSRA=(0<<ADEN) | (0<<ADSC) | (0<<ADATE) | (0<<ADIF) | (0<<ADIE) | (0<<ADPS2) | (0<<ADPS1) | (0<<ADPS0);
000074 b9e6      	OUT  0x6,R30
                 ; 0000 007E 
                 ; 0000 007F // SPI initialization
                 ; 0000 0080 // SPI disabled
                 ; 0000 0081 SPCR=(0<<SPIE) | (0<<SPE) | (0<<DORD) | (0<<MSTR) | (0<<CPOL) | (0<<CPHA) | (0<<SPR1) | (0<<SPR0);
000075 b9ed      	OUT  0xD,R30
                 ; 0000 0082 
                 ; 0000 0083 // TWI initialization
                 ; 0000 0084 // TWI disabled
                 ; 0000 0085 TWCR=(0<<TWEA) | (0<<TWSTA) | (0<<TWSTO) | (0<<TWEN) | (0<<TWIE);
000076 bfe6      	OUT  0x36,R30
                 ; 0000 0086 
                 ; 0000 0087 while (1)
                 _0x3:
                 ; 0000 0088       {
                 ; 0000 0089          if(boton==0){
000077 99b0      	SBIC 0x16,0
000078 c002      	RJMP _0x6
                 ; 0000 008A             botona=0;
000079 94e8      	CLT
00007a c001      	RJMP _0x4F
                 ; 0000 008B          }else{
                 _0x6:
                 ; 0000 008C             botona=1;
00007b 9468      	SET
                 _0x4F:
00007c f821      	BLD  R2,1
                 ; 0000 008D          }
                 ; 0000 008E          if((botonp==0) && (botona==1) && (flag==0)){//Se detecta el primer flanco de subida
00007d d086      	RCALL SUBOPT_0x0
00007e f431      	BRNE _0x9
00007f fe21      	SBRS R2,1
000080 c004      	RJMP _0x9
000081 2400      	CLR  R0
000082 1408      	CP   R0,R8
000083 0409      	CPC  R0,R9
000084 f009      	BREQ _0xA
                 _0x9:
000085 c003      	RJMP _0x8
                 _0xA:
                 ; 0000 008F             flag =1;
000086 e0e1      	LDI  R30,LOW(1)
000087 e0f0      	LDI  R31,HIGH(1)
000088 014f      	MOVW R8,R30
                 ; 0000 0090          }
                 ; 0000 0091          if(i<=261 && flag == 1){
                 _0x8:
000089 d07f      	RCALL SUBOPT_0x1
                +
00008a 30a6     +CPI R26 , LOW ( 0x106 )
00008b e0e1     +LDI R30 , HIGH ( 0x106 )
00008c 07be     +CPC R27 , R30
00008d e0e0     +LDI R30 , BYTE3 ( 0x106 )
00008e 078e     +CPC R24 , R30
00008f e0e0     +LDI R30 , BYTE4 ( 0x106 )
000090 079e     +CPC R25 , R30
                 	__CPD2N 0x106
000091 f428      	BRSH _0xC
000092 e0e1      	LDI  R30,LOW(1)
000093 e0f0      	LDI  R31,HIGH(1)
000094 15e8      	CP   R30,R8
000095 05f9      	CPC  R31,R9
000096 f009      	BREQ _0xD
                 _0xC:
000097 c040      	RJMP _0xB
                 _0xD:
                 ; 0000 0092             var2=0;
000098 2466      	CLR  R6
000099 2477      	CLR  R7
                 ; 0000 0093             if((botonp==0)&&(botona==1)){
00009a d069      	RCALL SUBOPT_0x0
00009b f411      	BRNE _0xF
00009c fc21      	SBRC R2,1
00009d c001      	RJMP _0x10
                 _0xF:
00009e c003      	RJMP _0xE
                 _0x10:
                 ; 0000 0094                 var++;
00009f 01f2      	MOVW R30,R4
0000a0 9631      	ADIW R30,1
0000a1 012f      	MOVW R4,R30
                 ; 0000 0095             }
                 ; 0000 0096             botonp=botona;
                 _0xE:
0000a2 fa21      	BST  R2,1
0000a3 f820      	BLD  R2,0
                 ; 0000 0097             i++;
0000a4 eea0      	LDI  R26,LOW(_i)
0000a5 e0b0      	LDI  R27,HIGH(_i)
0000a6 d07a      	RCALL __GETD1P_INC
                +
0000a7 5fef     +SUBI R30 , LOW ( - 1 )
0000a8 4fff     +SBCI R31 , HIGH ( - 1 )
0000a9 4f6f     +SBCI R22 , BYTE3 ( - 1 )
0000aa 4f7f     +SBCI R23 , BYTE4 ( - 1 )
                 	__SUBD1N -1
0000ab d07a      	RCALL __PUTDP1_DEC
                 ; 0000 0098             //Conteo
                 ; 0000 0099             if(i==261){
0000ac d05c      	RCALL SUBOPT_0x1
                +
0000ad 30a5     +CPI R26 , LOW ( 0x105 )
0000ae e0e1     +LDI R30 , HIGH ( 0x105 )
0000af 07be     +CPC R27 , R30
0000b0 e0e0     +LDI R30 , BYTE3 ( 0x105 )
0000b1 078e     +CPC R24 , R30
0000b2 e0e0     +LDI R30 , BYTE4 ( 0x105 )
0000b3 079e     +CPC R25 , R30
                 	__CPD2N 0x105
0000b4 f511      	BRNE _0x11
                 ; 0000 009A                 if(var>0 && var<=8){
0000b5 2400      	CLR  R0
0000b6 1404      	CP   R0,R4
0000b7 0405      	CPC  R0,R5
0000b8 f414      	BRGE _0x13
0000b9 d058      	RCALL SUBOPT_0x2
0000ba f40c      	BRGE _0x14
                 _0x13:
0000bb c002      	RJMP _0x12
                 _0x14:
                 ; 0000 009B                     PORTA.0=1;
0000bc 9ad8      	SBI  0x1B,0
                 ; 0000 009C                     PORTA.1=0,
0000bd c016      	RJMP _0x50
                 ; 0000 009D                     PORTA.2=1;
                 ; 0000 009E                     PORTA.3=0;
                 ; 0000 009F                 }else if(var>8 && var <=30){
                 _0x12:
0000be d053      	RCALL SUBOPT_0x2
0000bf f414      	BRGE _0x1F
0000c0 d056      	RCALL SUBOPT_0x3
0000c1 f40c      	BRGE _0x20
                 _0x1F:
0000c2 c005      	RJMP _0x1E
                 _0x20:
                 ; 0000 00A0                     PORTA.0=0;
0000c3 98d8      	CBI  0x1B,0
                 ; 0000 00A1                     PORTA.1=1;
0000c4 9ad9      	SBI  0x1B,1
                 ; 0000 00A2                     PORTA.2=0;
0000c5 98da      	CBI  0x1B,2
                 ; 0000 00A3                     PORTA.3=1;
0000c6 9adb      	SBI  0x1B,3
                 ; 0000 00A4                 }else if(var>30 && var<=50){
0000c7 c00f      	RJMP _0x29
                 _0x1E:
0000c8 d04e      	RCALL SUBOPT_0x3
0000c9 f414      	BRGE _0x2B
0000ca d051      	RCALL SUBOPT_0x4
0000cb f40c      	BRGE _0x2C
                 _0x2B:
0000cc c004      	RJMP _0x2A
                 _0x2C:
                 ; 0000 00A5                     PORTA.0=1;
0000cd 9ad8      	SBI  0x1B,0
                 ; 0000 00A6                     PORTA.1=0;
0000ce 98d9      	CBI  0x1B,1
                 ; 0000 00A7                     PORTA.2=0;
0000cf 98da      	CBI  0x1B,2
                 ; 0000 00A8                     PORTA.3=0;
0000d0 c005      	RJMP _0x51
                 ; 0000 00A9                 }else if(var>50){
                 _0x2A:
0000d1 d04a      	RCALL SUBOPT_0x4
0000d2 f424      	BRGE _0x36
                 ; 0000 00AA                     PORTA.0=0;
0000d3 98d8      	CBI  0x1B,0
                 ; 0000 00AB                     PORTA.1=0;
                 _0x50:
0000d4 98d9      	CBI  0x1B,1
                 ; 0000 00AC                     PORTA.2=1;
0000d5 9ada      	SBI  0x1B,2
                 ; 0000 00AD                     PORTA.3=0;
                 _0x51:
0000d6 98db      	CBI  0x1B,3
                 ; 0000 00AE                 }
                 ; 0000 00AF 
                 ; 0000 00B0             }
                 _0x36:
                 _0x29:
                 ; 0000 00B1          }else{
                 _0x11:
0000d7 c02a      	RJMP _0x3F
                 _0xB:
                 ; 0000 00B2             if((botonp==0)&&(botona==0)){
0000d8 d02b      	RCALL SUBOPT_0x0
0000d9 f429      	BRNE _0x41
0000da e0a0      	LDI  R26,0
0000db fc21      	SBRC R2,1
0000dc e0a1      	LDI  R26,1
0000dd 30a0      	CPI  R26,LOW(0x0)
0000de f009      	BREQ _0x42
                 _0x41:
0000df c003      	RJMP _0x40
                 _0x42:
                 ; 0000 00B3                 var2++;
0000e0 01f3      	MOVW R30,R6
0000e1 9631      	ADIW R30,1
0000e2 013f      	MOVW R6,R30
                 ; 0000 00B4             }
                 ; 0000 00B5             botonp=botona;
                 _0x40:
0000e3 fa21      	BST  R2,1
0000e4 f820      	BLD  R2,0
                 ; 0000 00B6             if(var2>=2500){
0000e5 ece4      	LDI  R30,LOW(2500)
0000e6 e0f9      	LDI  R31,HIGH(2500)
0000e7 166e      	CP   R6,R30
0000e8 067f      	CPC  R7,R31
0000e9 f05c      	BRLT _0x43
                 ; 0000 00B7                 if(var2==2500){
0000ea 15e6      	CP   R30,R6
0000eb 05f7      	CPC  R31,R7
0000ec f429      	BRNE _0x44
                 ; 0000 00B8                    PORTA.0=0;
0000ed 98d8      	CBI  0x1B,0
                 ; 0000 00B9                    PORTA.1=0;
0000ee 98d9      	CBI  0x1B,1
                 ; 0000 00BA                    PORTA.2=0;
0000ef 98da      	CBI  0x1B,2
                 ; 0000 00BB                    PORTA.3=0;
0000f0 98db      	CBI  0x1B,3
                 ; 0000 00BC                 }else{
0000f1 c003      	RJMP _0x4D
                 _0x44:
                 ; 0000 00BD                     var2=1;
0000f2 e0e1      	LDI  R30,LOW(1)
0000f3 e0f0      	LDI  R31,HIGH(1)
0000f4 013f      	MOVW R6,R30
                 ; 0000 00BE                 }
                 _0x4D:
                 ; 0000 00BF             }
                 ; 0000 00C0             i=0;
                 _0x43:
0000f5 e0e0      	LDI  R30,LOW(0)
0000f6 93e0 00e0 	STS  _i,R30
0000f8 93e0 00e1 	STS  _i+1,R30
0000fa 93e0 00e2 	STS  _i+2,R30
0000fc 93e0 00e3 	STS  _i+3,R30
                 ; 0000 00C1             var=0;
0000fe 2444      	CLR  R4
0000ff 2455      	CLR  R5
                 ; 0000 00C2             flag=0;
000100 2488      	CLR  R8
000101 2499      	CLR  R9
                 ; 0000 00C3          }
                 _0x3F:
                 ; 0000 00C4 
                 ; 0000 00C5       }
000102 cf74      	RJMP _0x3
                 ; 0000 00C6 }
                 _0x4E:
000103 cfff      	RJMP _0x4E
                 ; .FEND
                 
                 	.DSEG
                 _i:
0000e0           	.BYTE 0x4
                 
                 	.CSEG
                 ;OPTIMIZER ADDED SUBROUTINE, CALLED 3 TIMES, CODE SIZE REDUCTION:4 WORDS
                 SUBOPT_0x0:
000104 e0a0      	LDI  R26,0
000105 fc20      	SBRC R2,0
000106 e0a1      	LDI  R26,1
000107 30a0      	CPI  R26,LOW(0x0)
000108 9508      	RET
                 
                 ;OPTIMIZER ADDED SUBROUTINE, CALLED 2 TIMES, CODE SIZE REDUCTION:5 WORDS
                 SUBOPT_0x1:
000109 91a0 00e0 	LDS  R26,_i
00010b 91b0 00e1 	LDS  R27,_i+1
00010d 9180 00e2 	LDS  R24,_i+2
00010f 9190 00e3 	LDS  R25,_i+3
000111 9508      	RET
                 
                 ;OPTIMIZER ADDED SUBROUTINE, CALLED 2 TIMES, CODE SIZE REDUCTION:1 WORDS
                 SUBOPT_0x2:
000112 e0e8      	LDI  R30,LOW(8)
000113 e0f0      	LDI  R31,HIGH(8)
000114 15e4      	CP   R30,R4
000115 05f5      	CPC  R31,R5
000116 9508      	RET
                 
                 ;OPTIMIZER ADDED SUBROUTINE, CALLED 2 TIMES, CODE SIZE REDUCTION:1 WORDS
                 SUBOPT_0x3:
000117 e1ee      	LDI  R30,LOW(30)
000118 e0f0      	LDI  R31,HIGH(30)
000119 15e4      	CP   R30,R4
00011a 05f5      	CPC  R31,R5
00011b 9508      	RET
                 
                 ;OPTIMIZER ADDED SUBROUTINE, CALLED 2 TIMES, CODE SIZE REDUCTION:1 WORDS
                 SUBOPT_0x4:
00011c e3e2      	LDI  R30,LOW(50)
00011d e0f0      	LDI  R31,HIGH(50)
00011e 15e4      	CP   R30,R4
00011f 05f5      	CPC  R31,R5
000120 9508      	RET
                 
                 
                 	.CSEG
                 __GETD1P_INC:
000121 91ed      	LD   R30,X+
000122 91fd      	LD   R31,X+
000123 916d      	LD   R22,X+
000124 917d      	LD   R23,X+
000125 9508      	RET
                 
                 __PUTDP1_DEC:
000126 937e      	ST   -X,R23
000127 936e      	ST   -X,R22
000128 93fe      	ST   -X,R31
000129 93ee      	ST   -X,R30
00012a 9508      	RET
                 
                 ;END OF CODE MARKER
                 __END_OF_CODE:


RESOURCE USE INFORMATION
------------------------

Notice:
The register and instruction counts are symbol table hit counts,
and hence implicitly used resources are not counted, eg, the
'lpm' instruction without operands implicitly uses r0 and z,
none of which are counted.

x,y,z are separate entities in the symbol table and are
counted separately from r26..r31 here.

.dseg memory usage only counts static data declared with .byte

ATmega8535 register use summary:
r0 :  10 r1 :   1 r2 :   9 r3 :   0 r4 :   7 r5 :   5 r6 :   6 r7 :   3 
r8 :   4 r9 :   3 r10:   0 r11:   0 r12:   0 r13:   0 r14:   0 r15:   0 
r16:   0 r17:   0 r18:   0 r19:   0 r20:   0 r21:   0 r22:   5 r23:   3 
r24:  10 r25:   5 r26:  13 r27:   6 r28:   1 r29:   1 r30:  96 r31:  21 
x  :  11 y  :   0 z  :   7 
Registers used: 21 out of 35 (60.0%)

ATmega8535 instruction use summary:
.lds  :   0 .lds.l:   0 .sts  :   0 .sts.l:   0 adc   :   0 add   :   0 
adiw  :   2 and   :   0 andi  :   0 asr   :   0 bclr  :   0 bld   :   3 
brbc  :   0 brbs  :   0 brcc  :   0 brcs  :   0 break :   0 breq  :   4 
brge  :   7 brhc  :   0 brhs  :   0 brid  :   0 brie  :   0 brlo  :   0 
brlt  :   1 brmi  :   0 brne  :   8 brpl  :   0 brsh  :   1 brtc  :   0 
brts  :   0 brvc  :   0 brvs  :   0 bset  :   0 bst   :   2 cbi   :  11 
cbr   :   0 clc   :   0 clh   :   0 cli   :   1 cln   :   0 clr   :  10 
cls   :   0 clt   :   1 clv   :   0 clz   :   0 com   :   0 cp    :   8 
cpc   :  14 cpi   :   4 cpse  :   0 dec   :   1 des   :   0 eor   :   0 
fmul  :   0 fmuls :   0 fmulsu:   0 icall :   0 ijmp  :   0 in    :   0 
inc   :   0 ld    :   4 ldd   :   0 ldi   :  46 lds   :   4 lpm   :   7 
lsl   :   0 lsr   :   0 mov   :   0 movw  :   9 mul   :   0 muls  :   0 
mulsu :   0 neg   :   0 nop   :   0 or    :   0 ori   :   0 out   :  42 
pop   :   0 push  :   0 rcall :  13 ret   :   7 reti  :   0 rjmp  :  41 
rol   :   0 ror   :   0 sbc   :   0 sbci  :   3 sbi   :   5 sbic  :   1 
sbis  :   0 sbiw  :   3 sbr   :   0 sbrc  :   3 sbrs  :   1 sec   :   0 
seh   :   0 sei   :   0 sen   :   0 ser   :   0 ses   :   0 set   :   1 
sev   :   0 sez   :   0 sleep :   0 spm   :   0 st    :   7 std   :   0 
sts   :   4 sub   :   0 subi  :   1 swap  :   0 tst   :   0 wdr   :   0 

Instructions used: 35 out of 114 (30.7%)

ATmega8535 memory use summary [bytes]:
Segment   Begin    End      Code   Data   Used    Size   Use%
---------------------------------------------------------------
[.cseg] 0x000000 0x000256    576     22    598    8192   7.3%
[.dseg] 0x000060 0x0000e4      0      4      4     512   0.8%
[.eseg] 0x000000 0x000000      0      0      0     512   0.0%

Assembly complete, 0 errors, 3 warnings
